#
# There is insufficient memory for the Java Runtime Environment to continue.
# Native memory allocation (malloc) failed to allocate 1048576 bytes for AllocateHeap
# Possible reasons:
#   The system is out of physical RAM or swap space
#   The process is running with CompressedOops enabled, and the Java Heap may be blocking the growth of the native heap
# Possible solutions:
#   Reduce memory load on the system
#   Increase physical memory or swap space
#   Check if swap backing store is full
#   Decrease Java heap size (-Xmx/-Xms)
#   Decrease number of Java threads
#   Decrease Java thread stack sizes (-Xss)
#   Set larger code cache with -XX:ReservedCodeCacheSize=
#   JVM is running with Unscaled Compressed Oops mode in which the Java heap is
#     placed in the first 4GB address space. The Java Heap base address is the
#     maximum limit for the native heap growth. Please use -XX:HeapBaseMinAddress
#     to set the Java Heap base and to place the Java Heap above 4GB virtual address.
# This output file may be truncated or incomplete.
#
#  Out of Memory Error (allocation.cpp:44), pid=2848, tid=36952
#
# JRE version:  (20.0.2+9) (build )
# Java VM: Java HotSpot(TM) 64-Bit Server VM (20.0.2+9-78, mixed mode, sharing, tiered, compressed oops, compressed class ptrs, g1 gc, windows-amd64)
# No core dump will be written. Minidumps are not enabled by default on client versions of Windows
#

---------------  S U M M A R Y ------------

Command Line: -Dfile.encoding=UTF-8 --module-path=C:\Users\rr901\OneDrive - Krishna Institute of Engineering & Technology\Documents\NetBeansProjects\JavaApplication1\build\classes bankmanagement.Signup3

Host: AMD Ryzen 5 3450U with Radeon Vega Mobile Gfx  , 8 cores, 5G,  Windows 11 , 64 bit Build 22621 (10.0.22621.1635)
Time: Mon Jul 24 22:33:30 2023 India Standard Time elapsed time: 0.021560 seconds (0d 0h 0m 0s)

---------------  T H R E A D  ---------------

Current thread (0x0000022ea45d6fb0):  JavaThread "Unknown thread" [_thread_in_vm, id=36952, stack(0x000000e4c8300000,0x000000e4c8400000)]

Stack: [0x000000e4c8300000,0x000000e4c8400000]
Native frames: (J=compiled Java code, j=interpreted, Vv=VM code, C=native code)
V  [jvm.dll+0x6bc25a]
V  [jvm.dll+0x84971a]
V  [jvm.dll+0x84b315]
V  [jvm.dll+0x84ba13]
V  [jvm.dll+0x280e4f]
V  [jvm.dll+0xbce65]
V  [jvm.dll+0x333ec5]
V  [jvm.dll+0x32c661]
V  [jvm.dll+0x8123df]
V  [jvm.dll+0x3c1261]
V  [jvm.dll+0x7fe103]
V  [jvm.dll+0x44ccaf]
V  [jvm.dll+0x44e621]
C  [jli.dll+0x5287]
C  [ucrtbase.dll+0x29363]
C  [KERNEL32.DLL+0x126ad]
C  [ntdll.dll+0x5a9f8]


---------------  P R O C E S S  ---------------

Threads class SMR info:
_java_thread_list=0x00007ff8a849b118, length=0, elements={
}

Java Threads: ( => current thread )

Other Threads:
  0x0000022ea46292e0 WorkerThread "GC Thread#0" [stack: 0x000000e4c8400000,0x000000e4c8500000] [id=24080]

[error occurred during error reporting (printing all threads), id 0xc0000005, EXCEPTION_ACCESS_VIOLATION (0xc0000005) at pc=0x00007ff8a7c78d60]
VM state: not at safepoint (not fully initialized)

VM Mutex/Monitor currently owned by a thread:  ([mutex/lock_event])
[0x0000022ea45d2fd0] Heap_lock - owner thread: 0x0000022ea45d6fb0

Heap address: 0x00000000a1e00000, size: 1506 MB, Compressed Oops mode: 32-bit

CDS archive(s) mapped at: [0x0000000000000000-0x0000000000000000-0x0000000000000000), size 0, SharedBaseAddress: 0x0000000800000000, ArchiveRelocationMode: 1.
Narrow klass base: 0x0000000000000000, Narrow klass shift: 0, Narrow klass range: 0x0

GC Precious Log:
 CardTable entry size: 512
 Card Set container configuration: InlinePtr #cards 5 size 8 Array Of Cards #cards 12 size 40 Howl #buckets 4 coarsen threshold 1843 Howl Bitmap #cards 512 size 80 coarsen threshold 460 Card regions per heap region 1 cards per card region 2048

Heap:
 garbage-first heap   total 0K, used 0K [0x00000000a1e00000, 0x0000000100000000)
  region size 1024K, 0 young (0K), 0 survivors (0K)

[error occurred during error reporting (printing heap information), id 0xc0000005, EXCEPTION_ACCESS_VIOLATION (0xc0000005) at pc=0x00007ff8a80547b9]
GC Heap History (0 events):
No events

Dll operation events (1 events):
Event: 0.014 Loaded shared library C:\Program Files\Java\jdk-20\bin\java.dll

Deoptimization events (0 events):
No events

Classes loaded (0 events):
No events

Classes unloaded (0 events):
No events

Classes redefined (0 events):
No events

Internal exceptions (0 events):
No events

VM Operations (0 events):
No events

Events (0 events):
No events


Dynamic libraries:
0x00007ff766ab0000 - 0x00007ff766ac0000 	C:\Program Files\Java\jdk-20\bin\java.exe
0x00007ff8f02b0000 - 0x00007ff8f04c4000 	C:\WINDOWS\SYSTEM32\ntdll.dll
0x00007ff8ef0b0000 - 0x00007ff8ef172000 	C:\WINDOWS\System32\KERNEL32.DLL
0x00007ff8ed7f0000 - 0x00007ff8edb93000 	C:\WINDOWS\System32\KERNELBASE.dll
0x00007ff8ed6d0000 - 0x00007ff8ed7e1000 	C:\WINDOWS\System32\ucrtbase.dll
0x00007ff8e90d0000 - 0x00007ff8e90eb000 	C:\Program Files\Java\jdk-20\bin\VCRUNTIME140.dll
0x00007ff8dc4f0000 - 0x00007ff8dc509000 	C:\Program Files\Java\jdk-20\bin\jli.dll
0x00007ff8ef460000 - 0x00007ff8ef50e000 	C:\WINDOWS\System32\ADVAPI32.dll
0x00007ff8efb70000 - 0x00007ff8efc17000 	C:\WINDOWS\System32\msvcrt.dll
0x00007ff8ef260000 - 0x00007ff8ef304000 	C:\WINDOWS\System32\sechost.dll
0x00007ff8ef6e0000 - 0x00007ff8ef7f7000 	C:\WINDOWS\System32\RPCRT4.dll
0x00007ff8ef510000 - 0x00007ff8ef6bb000 	C:\WINDOWS\System32\USER32.dll
0x00007ff8ede70000 - 0x00007ff8ede96000 	C:\WINDOWS\System32\win32u.dll
0x00007ff8d7de0000 - 0x00007ff8d806e000 	C:\WINDOWS\WinSxS\amd64_microsoft.windows.common-controls_6595b64144ccf1df_6.0.22621.1635_none_270f70857386168e\COMCTL32.dll
0x00007ff8efc80000 - 0x00007ff8efca9000 	C:\WINDOWS\System32\GDI32.dll
0x00007ff8edf20000 - 0x00007ff8ee038000 	C:\WINDOWS\System32\gdi32full.dll
0x00007ff8edd10000 - 0x00007ff8eddaa000 	C:\WINDOWS\System32\msvcp_win.dll
0x00007ff8e5c60000 - 0x00007ff8e5c6a000 	C:\WINDOWS\SYSTEM32\VERSION.dll
0x00007ff8eec80000 - 0x00007ff8eecb1000 	C:\WINDOWS\System32\IMM32.DLL
0x00007ff8da1b0000 - 0x00007ff8da1bc000 	C:\Program Files\Java\jdk-20\bin\vcruntime140_1.dll
0x00007ff8b5d70000 - 0x00007ff8b5dfe000 	C:\Program Files\Java\jdk-20\bin\msvcp140.dll
0x00007ff8a7940000 - 0x00007ff8a85d8000 	C:\Program Files\Java\jdk-20\bin\server\jvm.dll
0x00007ff8e7b70000 - 0x00007ff8e7ba4000 	C:\WINDOWS\SYSTEM32\WINMM.dll
0x00007ff8e87a0000 - 0x00007ff8e87a9000 	C:\WINDOWS\SYSTEM32\WSOCK32.dll
0x00007ff8efcc0000 - 0x00007ff8efd31000 	C:\WINDOWS\System32\WS2_32.dll
0x00007ff8ec720000 - 0x00007ff8ec738000 	C:\WINDOWS\SYSTEM32\kernel.appcore.dll
0x00007ff8da1a0000 - 0x00007ff8da1aa000 	C:\Program Files\Java\jdk-20\bin\jimage.dll
0x00007ff8db330000 - 0x00007ff8db55e000 	C:\WINDOWS\SYSTEM32\DBGHELP.DLL
0x00007ff8eed20000 - 0x00007ff8ef0a9000 	C:\WINDOWS\System32\combase.dll
0x00007ff8ef180000 - 0x00007ff8ef257000 	C:\WINDOWS\System32\OLEAUT32.dll
0x00007ff8d2700000 - 0x00007ff8d2732000 	C:\WINDOWS\SYSTEM32\dbgcore.DLL
0x00007ff8edea0000 - 0x00007ff8edf1b000 	C:\WINDOWS\System32\bcryptPrimitives.dll
0x00007ff8d9350000 - 0x00007ff8d9376000 	C:\Program Files\Java\jdk-20\bin\java.dll

dbghelp: loaded successfully - version: 4.0.5 - missing functions: none
symbol engine: initialized successfully - sym options: 0x614 - pdb path: .;C:\Program Files\Java\jdk-20\bin;C:\WINDOWS\SYSTEM32;C:\WINDOWS\WinSxS\amd64_microsoft.windows.common-controls_6595b64144ccf1df_6.0.22621.1635_none_270f70857386168e;C:\Program Files\Java\jdk-20\bin\server

VM Arguments:
jvm_args: -Dfile.encoding=UTF-8 --module-path=C:\Users\rr901\OneDrive - Krishna Institute of Engineering & Technology\Documents\NetBeansProjects\JavaApplication1\build\classes 
java_command: bankmanagement.Signup3
java_class_path (initial): C:\Users\rr901\Downloads\jcalendar-tz-1.3.3-4.jar;C:\Users\rr901\Downloads\mysql-connector-java-8.0.28.jar;C:\Users\rr901\OneDrive - Krishna Institute of Engineering & Technology\Documents\NetBeansProjects\JavaApplication1\build\classes
Launcher Type: SUN_STANDARD

[Global flags]
     intx CICompilerCount                          = 4                                         {product} {ergonomic}
     uint ConcGCThreads                            = 2                                         {product} {ergonomic}
     uint G1ConcRefinementThreads                  = 8                                         {product} {ergonomic}
   size_t G1HeapRegionSize                         = 1048576                                   {product} {ergonomic}
    uintx GCDrainStackTargetSize                   = 64                                        {product} {ergonomic}
   size_t InitialHeapSize                          = 100663296                                 {product} {ergonomic}
   size_t MarkStackSize                            = 4194304                                   {product} {ergonomic}
   size_t MaxHeapSize                              = 1579155456                                {product} {ergonomic}
   size_t MinHeapDeltaBytes                        = 1048576                                   {product} {ergonomic}
   size_t MinHeapSize                              = 8388608                                   {product} {ergonomic}
    uintx NonNMethodCodeHeapSize                   = 5839372                                {pd product} {ergonomic}
    uintx NonProfiledCodeHeapSize                  = 122909434                              {pd product} {ergonomic}
    uintx ProfiledCodeHeapSize                     = 122909434                              {pd product} {ergonomic}
    uintx ReservedCodeCacheSize                    = 251658240                              {pd product} {ergonomic}
     bool SegmentedCodeCache                       = true                                      {product} {ergonomic}
   size_t SoftMaxHeapSize                          = 1579155456                             {manageable} {ergonomic}
     bool UseCompressedClassPointers               = true                           {product lp64_product} {ergonomic}
     bool UseCompressedOops                        = true                           {product lp64_product} {ergonomic}
     bool UseG1GC                                  = true                                      {product} {ergonomic}
     bool UseLargePagesIndividualAllocation        = false                                  {pd product} {ergonomic}

Logging:
Log output configuration:
 #0: stdout all=warning uptime,level,tags foldmultilines=false
 #1: stderr all=off uptime,level,tags foldmultilines=false

Environment Variables:
PATH=C:\Program Files\Common Files\Oracle\Java\javapath;C:\WINDOWS\system32;C:\WINDOWS;C:\WINDOWS\System32\Wbem;C:\WINDOWS\System32\WindowsPowerShell\v1.0\;C:\WINDOWS\System32\OpenSSH\;C:\Program Files\nodejs\;C:\Program Files\Git\cmd;C:\Program Files\Git\mingw64\bin;C:\Program Files\Git\usr\bin;C:\Program Files\MySQL\MySQL Server 8.0\bin;C:\Program Files\Java\jdk-20\bin;C:\Program Files\MySQL\MySQL Shell 8.0\bin\;C:\Users\rr901\AppData\Local\Microsoft\WindowsApps;C:\Program Files (x86)\mingw-w64\i686-8.1.0-posix-dwarf-rt_v6-rev0\mingw32\bin;C:\Users\rr901\AppData\Local\Programs\Microsoft VS Code\bin;C:\Program Files\JetBrains\IntelliJ IDEA Community Edition 2021.2.2\bin;;C:\Users\rr901\Downloads\flutter_windows_3.3.0-stable\flutter\bin;C:\Users\rr901\AppData\Roaming\npm
USERNAME=rr901
OS=Windows_NT
PROCESSOR_IDENTIFIER=AMD64 Family 23 Model 24 Stepping 1, AuthenticAMD
TMP=C:\Users\rr901\AppData\Local\Temp
TEMP=C:\Users\rr901\AppData\Local\Temp




---------------  S Y S T E M  ---------------

OS:
 Windows 11 , 64 bit Build 22621 (10.0.22621.1635)
OS uptime: 9 days 10:10 hours

CPU: total 8 (initial active 8) (8 cores per cpu, 2 threads per core) family 23 model 24 stepping 1 microcode 0x0, cx8, cmov, fxsr, ht, mmx, 3dnowpref, sse, sse2, sse3, ssse3, sse4a, sse4.1, sse4.2, popcnt, lzcnt, tsc, tscinvbit, avx, avx2, aes, clmul, bmi1, bmi2, adx, sha, fma, vzeroupper, clflush, clflushopt, rdtscp, f16c

Memory: 4k page, system-wide physical 6020M (341M free)
TotalPageFile size 24452M (AvailPageFile size 5M)
current process WorkingSet (physical memory assigned to process): 11M, peak: 11M
current process commit charge ("private bytes"): 56M, peak: 57M

vm_info: Java HotSpot(TM) 64-Bit Server VM (20.0.2+9-78) for windows-amd64 JRE (20.0.2+9-78), built on 2023-06-14T10:08:48Z by "mach5one" with MS VC++ 17.1 (VS2022)

END.
